# JRE version: OpenJDK Runtime Environment (11.0.10) (build 11.0.10+0-b96-7249189)
# Java VM: OpenJDK 64-Bit Server VM (11.0.10+0-b96-7249189, mixed mode, tiered, compressed oops, g1 gc, windows-amd64)
Heap:
 garbage-first heap   total 1135616K, used 223232K [0x0000000080000000, 0x0000000100000000)
  region size 1024K, 3 young (3072K), 3 survivors (3072K)
 Metaspace       used 132229K, capacity 136524K, committed 136832K, reserved 1167360K
  class space    used 16724K, capacity 18263K, committed 18304K, reserved 1048576K
GC Heap History (20 events):
Event: 516.896 GC heap after
{Heap after GC invocations=96 (full 0):
 garbage-first heap   total 287744K, used 137068K [0x0000000080000000, 0x0000000100000000)
  region size 1024K, 4 young (4096K), 4 survivors (4096K)
 Metaspace       used 118865K, capacity 122525K, committed 122624K, reserved 1155072K
  class space    used 15037K, capacity 16317K, committed 16384K, reserved 1048576K
}
Event: 518.767 GC heap before
{Heap before GC invocations=97 (full 0):
 garbage-first heap   total 287744K, used 166764K [0x0000000080000000, 0x0000000100000000)
  region size 1024K, 34 young (34816K), 4 survivors (4096K)
 Metaspace       used 121031K, capacity 124827K, committed 124928K, reserved 1157120K
  class space    used 15328K, capacity 16633K, committed 16640K, reserved 1048576K
}
Event: 518.791 GC heap after
{Heap after GC invocations=98 (full 0):
 garbage-first heap   total 287744K, used 139908K [0x0000000080000000, 0x0000000100000000)
  region size 1024K, 4 young (4096K), 4 survivors (4096K)
 Metaspace       used 121031K, capacity 124827K, committed 124928K, reserved 1157120K
  class space    used 15328K, capacity 16633K, committed 16640K, reserved 1048576K
}
Event: 519.519 GC heap before
{Heap before GC invocations=98 (full 0):
 garbage-first heap   total 287744K, used 175748K [0x0000000080000000, 0x0000000100000000)
  region size 1024K, 39 young (39936K), 4 survivors (4096K)
 Metaspace       used 124089K, capacity 128008K, committed 128128K, reserved 1161216K
  class space    used 15849K, capacity 17252K, committed 17280K, reserved 1048576K
}
Event: 519.696 GC heap after
{Heap after GC invocations=99 (full 0):
 garbage-first heap   total 287744K, used 143729K [0x0000000080000000, 0x0000000100000000)
  region size 1024K, 5 young (5120K), 5 survivors (5120K)
 Metaspace       used 124089K, capacity 128008K, committed 128128K, reserved 1161216K
  class space    used 15849K, capacity 17252K, committed 17280K, reserved 1048576K
}
Event: 521.128 GC heap before
{Heap before GC invocations=100 (full 0):
 garbage-first heap   total 287744K, used 181617K [0x0000000080000000, 0x0000000100000000)
  region size 1024K, 42 young (43008K), 5 survivors (5120K)
 Metaspace       used 125837K, capacity 129817K, committed 129920K, reserved 1161216K
  class space    used 16062K, capacity 17479K, committed 17536K, reserved 1048576K
}
Event: 521.202 GC heap after
{Heap after GC invocations=101 (full 0):
 garbage-first heap   total 493568K, used 144438K [0x0000000080000000, 0x0000000100000000)
  region size 1024K, 1 young (1024K), 1 survivors (1024K)
 Metaspace       used 125837K, capacity 129817K, committed 129920K, reserved 1161216K
  class space    used 16062K, capacity 17479K, committed 17536K, reserved 1048576K
}
Event: 523.501 GC heap before
{Heap before GC invocations=101 (full 0):
 garbage-first heap   total 493568K, used 192566K [0x0000000080000000, 0x0000000100000000)
  region size 1024K, 48 young (49152K), 1 survivors (1024K)
 Metaspace       used 126430K, capacity 130422K, committed 130688K, reserved 1163264K
  class space    used 16089K, capacity 17482K, committed 17536K, reserved 1048576K
}
Event: 523.507 GC heap after
{Heap after GC invocations=102 (full 0):
 garbage-first heap   total 493568K, used 144591K [0x0000000080000000, 0x0000000100000000)
  region size 1024K, 1 young (1024K), 1 survivors (1024K)
 Metaspace       used 126430K, capacity 130422K, committed 130688K, reserved 1163264K
  class space    used 16089K, capacity 17482K, committed 17536K, reserved 1048576K
}
Event: 524.952 GC heap before
{Heap before GC invocations=102 (full 0):
 garbage-first heap   total 493568K, used 206031K [0x0000000080000000, 0x0000000100000000)
  region size 1024K, 61 young (62464K), 1 survivors (1024K)
 Metaspace       used 126835K, capacity 130791K, committed 130944K, reserved 1163264K
  class space    used 16114K, capacity 17515K, committed 17536K, reserved 1048576K
}
Event: 524.962 GC heap after
{Heap after GC invocations=103 (full 0):
 garbage-first heap   total 493568K, used 144835K [0x0000000080000000, 0x0000000100000000)
  region size 1024K, 2 young (2048K), 2 survivors (2048K)
 Metaspace       used 126835K, capacity 130791K, committed 130944K, reserved 1163264K
  class space    used 16114K, capacity 17515K, committed 17536K, reserved 1048576K
}
Event: 526.499 GC heap before
{Heap before GC invocations=103 (full 0):
 garbage-first heap   total 493568K, used 212419K [0x0000000080000000, 0x0000000100000000)
  region size 1024K, 69 young (70656K), 2 survivors (2048K)
 Metaspace       used 128507K, capacity 132644K, committed 132864K, reserved 1165312K
  class space    used 16333K, capacity 17818K, committed 17920K, reserved 1048576K
}
Event: 526.513 GC heap after
{Heap after GC invocations=104 (full 0):
 garbage-first heap   total 493568K, used 146916K [0x0000000080000000, 0x0000000100000000)
  region size 1024K, 4 young (4096K), 4 survivors (4096K)
 Metaspace       used 128507K, capacity 132644K, committed 132864K, reserved 1165312K
  class space    used 16333K, capacity 17818K, committed 17920K, reserved 1048576K
}
Event: 530.422 GC heap before
{Heap before GC invocations=104 (full 0):
 garbage-first heap   total 493568K, used 336356K [0x0000000080000000, 0x0000000100000000)
  region size 1024K, 190 young (194560K), 4 survivors (4096K)
 Metaspace       used 129266K, capacity 133567K, committed 133760K, reserved 1165312K
  class space    used 16441K, capacity 17991K, committed 18048K, reserved 1048576K
}
Event: 533.430 GC heap after
{Heap after GC invocations=105 (full 0):
 garbage-first heap   total 493568K, used 147290K [0x0000000080000000, 0x0000000100000000)
  region size 1024K, 4 young (4096K), 4 survivors (4096K)
 Metaspace       used 129266K, capacity 133567K, committed 133760K, reserved 1165312K
  class space    used 16441K, capacity 17991K, committed 18048K, reserved 1048576K
}
Event: 536.774 GC heap before
{Heap before GC invocations=106 (full 0):
 garbage-first heap   total 493568K, used 227162K [0x0000000080000000, 0x0000000100000000)
  region size 1024K, 62 young (63488K), 4 survivors (4096K)
 Metaspace       used 131037K, capacity 135340K, committed 135808K, reserved 1167360K
  class space    used 16620K, capacity 18175K, committed 18304K, reserved 1048576K
}
Event: 536.868 GC heap after
{Heap after GC invocations=107 (full 0):
 garbage-first heap   total 493568K, used 180208K [0x0000000080000000, 0x0000000100000000)
  region size 1024K, 22 young (22528K), 22 survivors (22528K)
 Metaspace       used 131037K, capacity 135340K, committed 135808K, reserved 1167360K
  class space    used 16620K, capacity 18175K, committed 18304K, reserved 1048576K
}
Event: 540.241 GC heap before
{Heap before GC invocations=108 (full 0):
 garbage-first heap   total 493568K, used 383984K [0x0000000080000000, 0x0000000100000000)
  region size 1024K, 221 young (226304K), 22 survivors (22528K)
 Metaspace       used 132208K, capacity 136460K, committed 136576K, reserved 1167360K
  class space    used 16723K, capacity 18263K, committed 18304K, reserved 1048576K
}
Event: 541.230 GC heap after
{Heap after GC invocations=109 (full 0):
 garbage-first heap   total 493568K, used 218059K [0x0000000080000000, 0x0000000100000000)
  region size 1024K, 31 young (31744K), 31 survivors (31744K)
 Metaspace       used 132208K, capacity 136460K, committed 136576K, reserved 1167360K
  class space    used 16723K, capacity 18263K, committed 18304K, reserved 1048576K
}
Event: 541.548 GC heap before
{Heap before GC invocations=109 (full 0):
 garbage-first heap   total 493568K, used 233419K [0x0000000080000000, 0x0000000100000000)
  region size 1024K, 44 young (45056K), 31 survivors (31744K)
 Metaspace       used 132229K, capacity 136524K, committed 136832K, reserved 1167360K
  class space    used 16724K, capacity 18263K, committed 18304K, reserved 1048576K
}

